proguard.cfg
-optimizationpasses 5
-dontusemixedcaseclassnames
-dontskipnonpubliclibraryclasses
-dontpreverify
-verbose
-optimizations !code/simplification/arithmetic,!field/*,!class/merging/*

-keep public class * extends android.app.Activity
-keep public class * extends android.app.Application
-keep public class * extends android.app.Service
-keep public class * extends android.content.BroadcastReceiver
-keep public class * extends android.content.ContentProvider
-keep public class * extends android.app.backup.BackupAgentHelper
-keep public class * extends android.preference.Preference
-keep public class com.android.vending.licensing.ILicensingService
-keep public class com.joniy.utils.collections.ConcNodeCachingLinkedQueue
-keep public class com.joniy.utils.collections.ConcNodeCachingLinkedQueue$Node

-keep public class com.joniy.utils.collections.ConcNodeCachingStack
-keep public class com.joniy.utils.collections.ConcNodeCachingStack$Node

-keepclasseswithmembers class com.joniy.utils.collections.ConcNodeCachingLinkedQueue {    
    <fields>;    
    <methods>;    
}
-keepclasseswithmembers class com.joniy.utils.collections.ConcNodeCachingLinkedQueue$Node {    
    <fields>;    
    <methods>;    
}

-keepclasseswithmembers class com.joniy.utils.collections.ConcNodeCachingStack {    
    <fields>;    
    <methods>;    
}
-keepclasseswithmembers class com.joniy.utils.collections.ConcNodeCachingStack$Node {    
    <fields>;    
    <methods>;    
}

-keepclasseswithmembers class * {
    native <methods>;
}

-keepclasseswithmembers class * {
    public <init>(android.content.Context, android.util.AttributeSet);
}

-keepclasseswithmembers class * {
    public <init>(android.content.Context, android.util.AttributeSet, int);
}

-keepclassmembers enum * {
    public static **[] values();
    public static ** valueOf(java.lang.String);
}

-keep class * implements android.os.Parcelable {
  public static final android.os.Parcelable$Creator *;
}