proguard/seeds.txt
com.chuangwei.bdll.GameMainActivity
com.chuangwei.bdll.GameMainActivity: GameMainActivity()
com.chuangwei.control.GameControl$MenuStatus: com.chuangwei.control.GameControl$MenuStatus[] values()
com.chuangwei.control.GameControl$MenuStatus: com.chuangwei.control.GameControl$MenuStatus valueOf(java.lang.String)
com.chuangwei.control.GameControl$MenuTop: com.chuangwei.control.GameControl$MenuTop[] values()
com.chuangwei.control.GameControl$MenuTop: com.chuangwei.control.GameControl$MenuTop valueOf(java.lang.String)
com.gameFrame.controller.FileUtil
com.gameFrame.controller.FileUtil: void getFile(java.lang.String)
com.gameFrame.controller.opengl.SurfaceViewRender
com.gameFrame.controller.opengl.SurfaceViewRender: void upLockScene()
com.gameFrame.controller.opengl.SurfaceViewRender: void lockScene()