proguard/usage.txt
android.annotation.SuppressLint
android.annotation.TargetApi
com.chuangwei.bdll.BuildConfig
com.chuangwei.bdll.R
com.chuangwei.bdll.R$attr
com.chuangwei.bdll.R$drawable
com.chuangwei.bdll.R$raw
com.chuangwei.bdll.R$string
com.chuangwei.canvas.GameCanvas:
    1108:1108:public void poisoning()
    1607:1607:private void initTeach()
    2188:2191:public void initAround()
    2679:2691:public void setGame_mode(int)
com.chuangwei.canvas.GameLogoCanvas
com.chuangwei.canvas.LoadingCanvas:
    public static final int NONE
com.chuangwei.control.GameControl:
    public static com.chuangwei.control.GameControl$MenuStatus menu_showStatus
    public static final int GAME_MODE_0
    public static final int GAME_MODE_1
    public static final int GAME_MODE_2
    public static final int MAX_LAYER
    public static final int GAME_STORY
    public static final int GAME_TECH
    public static final int GAME_LAYER
    public static final int GAME_JS
    public static final int GAME_INTO
    public static final int GAME_SHOP
    public static final int GAME_SUC
    public static final int GAME_ERR
    public static final int GAME_SUCALL
    public static final int GAME_PAUSE
    public static final int GAME_STATUS1
    public static final int GAME_STATUS2
    public static final int GAME_STATUS3
    public static final int GAME_STATUS4
    public static final int GAME_MENU2_0
    public static final int GAME_MENU2_1
    public static final int GAME_PAUSE_0
    public static final int GAME_PAUSE_1
    public static final int GAME_PAUSE_2
    public static final int GAME_PAUSE_3
    public static final int GAME_PAUSE_4
    public static int gamePauseShowStatus
    3:3:public GameControl()
com.chuangwei.control.PS:
    public static final boolean IS_DEBUG
    public static final int gameFPS
    public static final int screenw
    public static final int screenh
    public static final boolean IS_LOADSPXDB
    public static final boolean IS_PLAYLOGOVIDEO
    public static final boolean IS_ADATOUCHPOINT
    public static final boolean IS_OPENSENSOR
    public static final boolean IS_BTOOTH
    public static final boolean IS_LOADFONT
    public static final boolean IS_LOADDEFFONT
    public static final int FONTSIZE
    public static final int FONT_LINEW
    public static final int FONT_OFFSETW
    public static final int FONT_OFFSETH
    public static final java.lang.String DBKEY
    9:9:public PS()
com.chuangwei.db.DB:
    61:62:public void setLeadSave(int[][])
    77:77:public int getLayers()
    81:82:public void setLayers(int)
    101:101:public int getGmode()
    105:106:public void setGmode(int)
    192:193:public void delDB()
com.chuangwei.obj.ChangeObj
com.chuangwei.obj.Eff:
    44:44:void run()
com.chuangwei.obj.MapButn:
    21:22:public void setShowNum(boolean)
    25:25:public int getNum()
    29:29:public int getImageIndex()
    37:37:public int getY()
    56:56:public int getLayerIndex()
com.chuangwei.obj.MogicButn:
    66:66:public int getHavaNum()
com.chuangwei.obj.SoundButn:
    53:54:public void setStatus()
com.chuangwei.obj.spx.Enemy:
    143:145:public void initBounded(int)
com.chuangwei.sound.MUAU:
    9:9:public MUAU()
com.chuangwei.sound.MuAuPlayer:
    74:79:public void aupStop(int)
com.chuangwei.tool.GameData:
    9:9:public GameData()
com.chuangwei.tool.LayerData:
    public static final int layero
    public static final int layerAll
    public static final int layersAll
    public static final int scoreo
    8:8:public LayerData()
com.chuangwei.tool.MathData:
    3:3:public MathData()
com.chuangwei.tool.ShareCtrl:
    188:189:public void cancelTransition()
    213:243:public int getAngleByTowPoint(android.graphics.Point,android.graphics.Point)
com.chuangwei.tool.StrData:
    public static final java.lang.String about
    public static final java.lang.String help
    8:8:public StrData()